\BOOKMARK [1][]{section.1}{\376\377\000I\000n\000t\000r\000o\000d\000u\000c\000t\000i\000o\000n}{}% 1
\BOOKMARK [1][]{section.2}{\376\377\000M\000e\000t\000h\000o\000d\000o\000l\000o\000g\000y}{}% 2
\BOOKMARK [2][]{subsection.2.1}{\376\377\000B\000a\000c\000k\000g\000r\000o\000u\000n\000d}{section.2}% 3
\BOOKMARK [2][]{subsection.2.2}{\376\377\000F\000r\000e\000q\000u\000e\000n\000c\000y\000\040\000S\000u\000p\000p\000o\000r\000t\000\040\000f\000r\000o\000m\000\040\000I\000n\000v\000e\000r\000t\000e\000r\000\040\000b\000a\000s\000e\000d\000\040\000G\000e\000n\000e\000r\000a\000t\000i\000o\000n}{section.2}% 4
\BOOKMARK [3][]{subsubsection.2.2.1}{\376\377\000S\000y\000n\000t\000h\000e\000t\000i\000c\000\040\000I\000n\000e\000r\000t\000i\000a}{subsection.2.2}% 5
\BOOKMARK [3][]{subsubsection.2.2.2}{\376\377\000I\000n\000v\000e\000r\000t\000e\000r\000\040\000b\000a\000s\000e\000d\000\040\000f\000a\000s\000t\000\040\000P\000o\000w\000e\000r\000\040\000R\000e\000s\000e\000r\000v\000e}{subsection.2.2}% 6
\BOOKMARK [2][]{subsection.2.3}{\376\377\000S\000i\000m\000u\000l\000a\000t\000i\000o\000n\000\040\000C\000a\000s\000e\000s}{section.2}% 7
\BOOKMARK [2][]{subsection.2.4}{\376\377\000S\000i\000m\000p\000l\000i\000f\000i\000e\000d\000\040\000I\000E\000E\000E\000\040\0009\000\040\000b\000u\000s\000\040\000M\000o\000d\000e\000l}{section.2}% 8
\BOOKMARK [2][]{subsection.2.5}{\376\377\000E\000x\000t\000e\000n\000d\000e\000d\000\040\000I\000E\000E\000E\000\040\0009\000\040\000b\000u\000s\000\040\000M\000o\000d\000e\000l}{section.2}% 9
\BOOKMARK [3][]{subsubsection.2.5.1}{\376\377\000I\000B\000F\000P\000R\000\040\000R\000e\000p\000r\000e\000s\000e\000n\000t\000a\000t\000i\000o\000n}{subsection.2.5}% 10
\BOOKMARK [2][]{subsection.2.6}{\376\377\000L\000a\000r\000g\000e\000\040\000S\000c\000a\000l\000e\000\040\000C\000a\000s\000e\000:\000\040\000E\000u\000r\000o\000p\000e\000\040\000P\000o\000w\000e\000r\000\040\000S\000y\000s\000t\000e\000m}{section.2}% 11
\BOOKMARK [3][]{subsubsection.2.6.1}{\376\377\000S\000y\000s\000t\000e\000m\000\040\000P\000a\000r\000a\000m\000e\000t\000e\000r\000s}{subsection.2.6}% 12
\BOOKMARK [1][]{section.3}{\376\377\000R\000e\000s\000u\000l\000t\000s}{}% 13
\BOOKMARK [2][]{subsection.3.1}{\376\377\000A\000n\000a\000l\000y\000s\000i\000s\000\040\000o\000f\000\040\000C\000r\000i\000t\000i\000c\000a\000l\000\040\000T\000i\000m\000e}{section.3}% 14
\BOOKMARK [2][]{subsection.3.2}{\376\377\000A\000n\000a\000l\000y\000s\000i\000s\000\040\000o\000f\000\040\000S\000y\000n\000t\000h\000e\000t\000i\000c\000\040\000I\000n\000e\000r\000t\000i\000a\000\040\000a\000n\000d\000\040\000F\000a\000s\000t\000\040\000P\000o\000w\000e\000r\000\040\000R\000e\000s\000e\000r\000v\000e}{section.3}% 15
\BOOKMARK [3][]{subsubsection.3.2.1}{\376\377\000E\000f\000f\000e\000c\000t\000\040\000S\000y\000n\000t\000h\000e\000t\000i\000c\000\040\000I\000n\000e\000r\000t\000i\000a\000\040\000o\000n\000\040\000F\000r\000e\000q\000u\000e\000n\000c\000y}{subsection.3.2}% 16
\BOOKMARK [3][]{subsubsection.3.2.2}{\376\377\000E\000f\000f\000e\000c\000t\000\040\000o\000f\000\040\000P\000o\000w\000e\000r\000\040\000R\000a\000m\000p\000\040\000R\000e\000s\000p\000o\000n\000s\000e\000\040\000o\000n\000\040\000F\000r\000e\000q\000u\000e\000n\000c\000y}{subsection.3.2}% 17
\BOOKMARK [3][]{subsubsection.3.2.3}{\376\377\000F\000a\000s\000t\000\040\000P\000o\000w\000e\000r\000\040\000R\000e\000s\000e\000r\000v\000e}{subsection.3.2}% 18
\BOOKMARK [2][]{subsection.3.3}{\376\377\000S\000y\000n\000c\000h\000r\000o\000n\000i\000z\000i\000n\000g\000\040\000e\000f\000f\000e\000c\000t\000,\000\040\000l\000a\000c\000k\000\040\000o\000f\000\040\000d\000a\000m\000p\000i\000n\000g\000\040\000t\000o\000r\000q\000u\000e\000\040\000a\000n\000d\000\040\000i\000m\000p\000l\000i\000c\000a\000t\000i\000o\000n\000s}{section.3}% 19
\BOOKMARK [1][]{section.4}{\376\377\000D\000i\000s\000c\000u\000s\000s\000i\000o\000n}{}% 20
\BOOKMARK [1][]{section.5}{\376\377\000C\000o\000n\000c\000l\000u\000s\000i\000o\000n\000s}{}% 21
\BOOKMARK [1][]{section.A.}{}{}% 22
\BOOKMARK [2][]{subsection.A.1}{}{section.A.}% 23
\BOOKMARK [1][]{section.B.}{}{}% 24
